2019-06-15 17:30:20.074 [main] INFO  DebugLog - Created Air (IdealGas)
2019-06-15 17:30:20.121 [main] INFO  DebugLog - Created Steam (Steam)
2019-06-15 17:30:20.136 [main] INFO  DebugLog - Created Feed pump
2019-06-15 17:30:20.136 [main] INFO  DebugLog - Created Boiler
2019-06-15 17:30:20.136 [main] INFO  DebugLog - Created Turbine
2019-06-15 17:30:20.136 [main] INFO  DebugLog - Created Condenser
2019-06-15 17:30:20.152 [main] TRACE DebugLog - Created flow connection between Feed pump Outlet and Boiler Inlet
2019-06-15 17:30:20.152 [main] TRACE DebugLog - Created flow connection between Boiler Outlet and Turbine Inlet
2019-06-15 17:30:20.152 [main] TRACE DebugLog - Created flow connection between Turbine Outlet and Condenser Inlet
2019-06-15 17:30:20.152 [main] TRACE DebugLog - Created flow connection between Condenser Outlet and Feed pump Inlet
2019-06-15 17:30:20.152 [main] INFO  DebugLog - Setting fluid to Steam
2019-06-15 17:30:20.152 [main] INFO  DebugLog - Performing parametric solve for Steam Turbine Test
2019-06-15 17:30:20.152 [main] TRACE DebugLog - Solving for boundary condition Set 1 of 1
2019-06-15 17:30:20.152 [main] TRACE DebugLog - Applying boundary conditions.
2019-06-15 17:30:20.152 [main] TRACE DebugLog - Solving system.
2019-06-15 17:30:20.152 [main] TRACE DebugLog - First itteration updating flow nodes
2019-06-15 17:30:20.152 [main] TRACE DebugLog - Solving X = ƒ(P,h) for h
2019-06-15 17:30:20.167 [main] TRACE DebugLog - Solution found in 2 iterations: 418990.71780418983
2019-06-15 17:30:20.167 [main] TRACE DebugLog - Solving h = ƒ(P,T) for T
2019-06-15 17:30:20.167 [main] TRACE DebugLog - Solution found in 11 iterations: 373.12304066875936
2019-06-15 17:30:20.167 [main] TRACE DebugLog - Solving rho = ƒ(P,T) for rho
2019-06-15 17:30:20.167 [main] TRACE DebugLog - Solution found in 3 iterations: 958.3736355691211
2019-06-15 17:30:20.167 [main] TRACE DebugLog - Solving rho = ƒ(v) for v
2019-06-15 17:30:20.167 [main] TRACE DebugLog - Solution found in 4 iterations: 0.001043434379751233
2019-06-15 17:30:20.167 [main] TRACE DebugLog - Solving h = ƒ(u,P,v) for u
2019-06-15 17:30:20.167 [main] TRACE DebugLog - Solution found in 5 iterations: 418884.99181566155
2019-06-15 17:30:20.167 [main] TRACE DebugLog - Solving s = ƒ(P,T) for s
2019-06-15 17:30:20.167 [main] TRACE DebugLog - Solution found in 4 iterations: 1306.7097468552026
2019-06-15 17:30:20.167 [main] TRACE DebugLog - Solving f = ƒ(u,T,s) for f
2019-06-15 17:30:20.167 [main] TRACE DebugLog - Solution found in 3 iterations: -68678.52220245649
2019-06-15 17:30:20.167 [main] TRACE DebugLog - Solving g = ƒ(h,T,s) for g
2019-06-15 17:30:20.167 [main] TRACE DebugLog - Solution found in 3 iterations: -68572.7962139282
2019-06-15 17:30:20.167 [main] TRACE DebugLog - First itteration updating connections
2019-06-15 17:30:20.174 [main] TRACE DebugLog - Updating components.
2019-06-15 17:30:20.174 [main] INFO  DebugLog - Solving Feed pump
2019-06-15 17:30:20.174 [main] TRACE DebugLog - Solving m_in = m_out for m_out
2019-06-15 17:30:20.174 [main] TRACE DebugLog - Solution found in 4 iterations: 1.0
2019-06-15 17:30:20.174 [main] TRACE DebugLog - Solving P_out = P_in Rp for P_out
2019-06-15 17:30:20.174 [main] TRACE DebugLog - Solution found in 3 iterations: 1013250.0
2019-06-15 17:30:20.174 [main] TRACE DebugLog - Solving W = m (h_isen - h_in), h_isen = ƒ(P_out,s_in) for W
2019-06-15 17:30:20.174 [main] TRACE DebugLog - Solving s = ƒ(P,T) for T
2019-06-15 17:30:20.174 [main] TRACE DebugLog - Solution found in 6 iterations: 373.1865084353185
2019-06-15 17:30:20.174 [main] TRACE DebugLog - Solving rho = ƒ(P,T) for rho
2019-06-15 17:30:20.174 [main] TRACE DebugLog - Solution found in 3 iterations: 958.7549568308738
2019-06-15 17:30:20.174 [main] TRACE DebugLog - Solving rho = ƒ(v) for v
2019-06-15 17:30:20.174 [main] TRACE DebugLog - Solution found in 3 iterations: 0.0010430193793265592
2019-06-15 17:30:20.174 [main] TRACE DebugLog - Solving h = ƒ(P,T) for h
2019-06-15 17:30:20.174 [main] TRACE DebugLog - Solution found in 4 iterations: 419937.9742358118
2019-06-15 17:30:20.174 [main] TRACE DebugLog - Solving h = ƒ(u,P,v) for u
2019-06-15 17:30:20.174 [main] TRACE DebugLog - Solution found in 5 iterations: 418881.13484970917
2019-06-15 17:30:20.174 [main] TRACE DebugLog - Solving f = ƒ(u,T,s) for f
2019-06-15 17:30:20.174 [main] TRACE DebugLog - Solution found in 3 iterations: -68765.31311758282
2019-06-15 17:30:20.174 [main] TRACE DebugLog - Solving g = ƒ(h,T,s) for g
2019-06-15 17:30:20.190 [main] TRACE DebugLog - Solution found in 3 iterations: -67708.47373148019
2019-06-15 17:30:20.190 [main] TRACE DebugLog - Solving X = ƒ(h,s) for X
2019-06-15 17:30:20.190 [main] ERROR DebugLog - No solution found.
2019-06-15 17:30:20.190 [main] ERROR DebugLog - function values at endpoints do not have different signs, endpoints: [0, 1], values: [0.172, 1.172]
2019-06-15 17:30:20.190 [main] ERROR DebugLog - h = 419937.9742358118
2019-06-15 17:30:20.190 [main] ERROR DebugLog - s = 1306.7097468552026
2019-06-15 17:30:20.190 [main] ERROR DebugLog - X = 1.0
2019-06-15 17:30:20.190 [main] TRACE DebugLog - Solving X = ƒ(P,h) for X
2019-06-15 17:30:20.190 [main] ERROR DebugLog - No solution found.
2019-06-15 17:30:20.190 [main] ERROR DebugLog - function values at endpoints do not have different signs, endpoints: [0, 1], values: [0.172, 1.172]
2019-06-15 17:30:20.190 [main] ERROR DebugLog - h = 419937.9742358118
2019-06-15 17:30:20.190 [main] ERROR DebugLog - P = 1013250.0
2019-06-15 17:30:20.190 [main] ERROR DebugLog - X = 1.0
2019-06-15 17:30:20.190 [main] TRACE DebugLog - Solving X = ƒ(P,s) for X
2019-06-15 17:30:20.190 [main] ERROR DebugLog - No solution found.
2019-06-15 17:30:20.190 [main] ERROR DebugLog - function values at endpoints do not have different signs, endpoints: [0, 1], values: [0.172, 1.172]
2019-06-15 17:30:20.190 [main] ERROR DebugLog - P = 1013250.0
2019-06-15 17:30:20.190 [main] ERROR DebugLog - s = 1306.7097468552026
2019-06-15 17:30:20.190 [main] ERROR DebugLog - X = 1.0
2019-06-15 17:30:20.190 [main] TRACE DebugLog - Solving X = ƒ(T,s) for X
2019-06-15 17:30:20.190 [main] ERROR DebugLog - No solution found.
2019-06-15 17:30:20.190 [main] ERROR DebugLog - null
2019-06-15 17:30:20.190 [main] ERROR DebugLog - P = 1013250.0
2019-06-15 17:30:20.190 [main] ERROR DebugLog - s = 1306.7097468552026
2019-06-15 17:30:20.190 [main] ERROR DebugLog - X = 0.5
2019-06-15 17:30:20.190 [main] TRACE DebugLog - Solving s = ƒ(P,T) for T
2019-06-15 17:30:20.190 [main] TRACE DebugLog - Solution found in 6 iterations: 373.1865084353185
2019-06-15 17:30:20.190 [main] TRACE DebugLog - Solving rho = ƒ(P,T) for rho
2019-06-15 17:30:20.190 [main] TRACE DebugLog - Solution found in 3 iterations: 958.7549568308738
2019-06-15 17:30:20.190 [main] TRACE DebugLog - Solving rho = ƒ(v) for v
2019-06-15 17:30:20.190 [main] TRACE DebugLog - Solution found in 3 iterations: 0.0010430193793265592
2019-06-15 17:30:20.190 [main] TRACE DebugLog - Solving h = ƒ(P,T) for h
2019-06-15 17:30:20.190 [main] TRACE DebugLog - Solution found in 4 iterations: 419937.9742358118
2019-06-15 17:30:20.190 [main] TRACE DebugLog - Solving h = ƒ(u,P,v) for u
2019-06-15 17:30:20.190 [main] TRACE DebugLog - Solution found in 5 iterations: 418881.13484970917
2019-06-15 17:30:20.190 [main] TRACE DebugLog - Solving f = ƒ(u,T,s) for f
2019-06-15 17:30:20.190 [main] TRACE DebugLog - Solution found in 3 iterations: -68765.31311758282
2019-06-15 17:30:20.190 [main] TRACE DebugLog - Solving g = ƒ(h,T,s) for g
2019-06-15 17:30:20.190 [main] TRACE DebugLog - Solution found in 3 iterations: -67708.47373148019
2019-06-15 17:30:20.190 [main] TRACE DebugLog - Solving X = ƒ(h,s) for X
2019-06-15 17:30:20.190 [main] ERROR DebugLog - No solution found.
2019-06-15 17:30:20.190 [main] ERROR DebugLog - function values at endpoints do not have different signs, endpoints: [0, 1], values: [0.172, 1.172]
2019-06-15 17:30:20.205 [main] ERROR DebugLog - h = 419937.9742358118
2019-06-15 17:30:20.205 [main] ERROR DebugLog - s = 1306.7097468552026
2019-06-15 17:30:20.205 [main] ERROR DebugLog - X = 1.0
2019-06-15 17:30:20.205 [main] TRACE DebugLog - Solving X = ƒ(P,h) for X
2019-06-15 17:30:20.205 [main] ERROR DebugLog - No solution found.
2019-06-15 17:30:20.205 [main] ERROR DebugLog - function values at endpoints do not have different signs, endpoints: [0, 1], values: [0.172, 1.172]
2019-06-15 17:30:20.205 [main] ERROR DebugLog - h = 419937.9742358118
2019-06-15 17:30:20.205 [main] ERROR DebugLog - P = 1013250.0
2019-06-15 17:30:20.205 [main] ERROR DebugLog - X = 1.0
2019-06-15 17:30:20.205 [main] TRACE DebugLog - Solving X = ƒ(P,s) for X
2019-06-15 17:30:20.205 [main] ERROR DebugLog - No solution found.
2019-06-15 17:30:20.205 [main] ERROR DebugLog - function values at endpoints do not have different signs, endpoints: [0, 1], values: [0.172, 1.172]
2019-06-15 17:30:20.205 [main] ERROR DebugLog - P = 1013250.0
2019-06-15 17:30:20.205 [main] ERROR DebugLog - s = 1306.7097468552026
2019-06-15 17:30:20.205 [main] ERROR DebugLog - X = 1.0
2019-06-15 17:30:20.205 [main] TRACE DebugLog - Solving X = ƒ(T,s) for X
2019-06-15 17:30:20.205 [main] ERROR DebugLog - No solution found.
2019-06-15 17:30:20.205 [main] ERROR DebugLog - null
2019-06-15 17:30:20.205 [main] ERROR DebugLog - P = 1013250.0
2019-06-15 17:30:20.205 [main] ERROR DebugLog - s = 1306.7097468552026
2019-06-15 17:30:20.205 [main] ERROR DebugLog - X = 0.5
2019-06-15 17:30:20.205 [main] TRACE DebugLog - Solving s = ƒ(P,T) for T
2019-06-15 17:30:20.205 [main] TRACE DebugLog - Solution found in 6 iterations: 373.1865084353185
2019-06-15 17:30:20.205 [main] TRACE DebugLog - Solving rho = ƒ(P,T) for rho
2019-06-15 17:30:20.205 [main] TRACE DebugLog - Solution found in 3 iterations: 958.7549568308738
2019-06-15 17:30:20.205 [main] TRACE DebugLog - Solving rho = ƒ(v) for v
2019-06-15 17:30:20.205 [main] TRACE DebugLog - Solution found in 3 iterations: 0.0010430193793265592
2019-06-15 17:30:20.205 [main] TRACE DebugLog - Solving h = ƒ(P,T) for h
2019-06-15 17:30:20.205 [main] TRACE DebugLog - Solution found in 4 iterations: 419937.9742358118
2019-06-15 17:30:20.205 [main] TRACE DebugLog - Solving h = ƒ(u,P,v) for u
2019-06-15 17:30:20.205 [main] TRACE DebugLog - Solution found in 5 iterations: 418881.13484970917
2019-06-15 17:30:20.205 [main] TRACE DebugLog - Solving f = ƒ(u,T,s) for f
2019-06-15 17:30:20.205 [main] TRACE DebugLog - Solution found in 3 iterations: -68765.31311758282
2019-06-15 17:30:20.205 [main] TRACE DebugLog - Solving g = ƒ(h,T,s) for g
2019-06-15 17:30:20.205 [main] TRACE DebugLog - Solution found in 3 iterations: -67708.47373148019
2019-06-15 17:30:20.205 [main] TRACE DebugLog - Solving X = ƒ(h,s) for X
2019-06-15 17:30:20.205 [main] ERROR DebugLog - No solution found.
2019-06-15 17:30:20.205 [main] ERROR DebugLog - function values at endpoints do not have different signs, endpoints: [0, 1], values: [0.172, 1.172]
2019-06-15 17:30:20.205 [main] ERROR DebugLog - h = 419937.9742358118
2019-06-15 17:30:20.205 [main] ERROR DebugLog - s = 1306.7097468552026
2019-06-15 17:30:20.205 [main] ERROR DebugLog - X = 1.0
2019-06-15 17:30:20.205 [main] TRACE DebugLog - Solving X = ƒ(P,h) for X
2019-06-15 17:30:20.205 [main] ERROR DebugLog - No solution found.
2019-06-15 17:30:20.205 [main] ERROR DebugLog - function values at endpoints do not have different signs, endpoints: [0, 1], values: [0.172, 1.172]
2019-06-15 17:30:20.205 [main] ERROR DebugLog - h = 419937.9742358118
2019-06-15 17:30:20.205 [main] ERROR DebugLog - P = 1013250.0
2019-06-15 17:30:20.205 [main] ERROR DebugLog - X = 1.0
2019-06-15 17:30:20.205 [main] TRACE DebugLog - Solving X = ƒ(P,s) for X
2019-06-15 17:30:20.205 [main] ERROR DebugLog - No solution found.
2019-06-15 17:30:20.205 [main] ERROR DebugLog - function values at endpoints do not have different signs, endpoints: [0, 1], values: [0.172, 1.172]
2019-06-15 17:30:20.205 [main] ERROR DebugLog - P = 1013250.0
2019-06-15 17:30:20.205 [main] ERROR DebugLog - s = 1306.7097468552026
2019-06-15 17:30:20.205 [main] ERROR DebugLog - X = 1.0
2019-06-15 17:30:20.205 [main] TRACE DebugLog - Solving X = ƒ(T,s) for X
2019-06-15 17:30:20.205 [main] ERROR DebugLog - No solution found.
2019-06-15 17:30:20.205 [main] ERROR DebugLog - null
2019-06-15 17:30:20.205 [main] ERROR DebugLog - P = 1013250.0
2019-06-15 17:30:20.205 [main] ERROR DebugLog - s = 1306.7097468552026
2019-06-15 17:30:20.205 [main] ERROR DebugLog - X = 0.5
2019-06-15 17:30:20.205 [main] TRACE DebugLog - Solving s = ƒ(P,T) for T
2019-06-15 17:30:20.205 [main] TRACE DebugLog - Solution found in 6 iterations: 373.1865084353185
2019-06-15 17:30:20.205 [main] TRACE DebugLog - Solving rho = ƒ(P,T) for rho
2019-06-15 17:30:20.205 [main] TRACE DebugLog - Solution found in 3 iterations: 958.7549568308738
2019-06-15 17:30:20.205 [main] TRACE DebugLog - Solving rho = ƒ(v) for v
2019-06-15 17:30:20.205 [main] TRACE DebugLog - Solution found in 3 iterations: 0.0010430193793265592
2019-06-15 17:30:20.205 [main] TRACE DebugLog - Solving h = ƒ(P,T) for h
2019-06-15 17:30:20.205 [main] TRACE DebugLog - Solution found in 4 iterations: 419937.9742358118
2019-06-15 17:30:20.205 [main] TRACE DebugLog - Solving h = ƒ(u,P,v) for u
2019-06-15 17:30:20.205 [main] TRACE DebugLog - Solution found in 5 iterations: 418881.13484970917
2019-06-15 17:30:20.205 [main] TRACE DebugLog - Solving f = ƒ(u,T,s) for f
2019-06-15 17:30:20.205 [main] TRACE DebugLog - Solution found in 3 iterations: -68765.31311758282
2019-06-15 17:30:20.205 [main] TRACE DebugLog - Solving g = ƒ(h,T,s) for g
2019-06-15 17:30:20.205 [main] TRACE DebugLog - Solution found in 3 iterations: -67708.47373148019
2019-06-15 17:30:20.205 [main] TRACE DebugLog - Solving X = ƒ(h,s) for X
2019-06-15 17:30:20.205 [main] ERROR DebugLog - No solution found.
2019-06-15 17:30:20.205 [main] ERROR DebugLog - function values at endpoints do not have different signs, endpoints: [0, 1], values: [0.172, 1.172]
2019-06-15 17:30:20.205 [main] ERROR DebugLog - h = 419937.9742358118
2019-06-15 17:30:20.205 [main] ERROR DebugLog - s = 1306.7097468552026
2019-06-15 17:30:20.205 [main] ERROR DebugLog - X = 1.0
2019-06-15 17:30:20.205 [main] TRACE DebugLog - Solving X = ƒ(P,h) for X
2019-06-15 17:30:20.205 [main] ERROR DebugLog - No solution found.
2019-06-15 17:30:20.205 [main] ERROR DebugLog - function values at endpoints do not have different signs, endpoints: [0, 1], values: [0.172, 1.172]
2019-06-15 17:30:20.205 [main] ERROR DebugLog - h = 419937.9742358118
2019-06-15 17:30:20.205 [main] ERROR DebugLog - P = 1013250.0
2019-06-15 17:30:20.205 [main] ERROR DebugLog - X = 1.0
2019-06-15 17:30:20.205 [main] TRACE DebugLog - Solving X = ƒ(P,s) for X
2019-06-15 17:30:20.205 [main] ERROR DebugLog - No solution found.
2019-06-15 17:30:20.205 [main] ERROR DebugLog - function values at endpoints do not have different signs, endpoints: [0, 1], values: [0.172, 1.172]
2019-06-15 17:30:20.205 [main] ERROR DebugLog - P = 1013250.0
2019-06-15 17:30:20.205 [main] ERROR DebugLog - s = 1306.7097468552026
2019-06-15 17:30:20.205 [main] ERROR DebugLog - X = 1.0
2019-06-15 17:30:20.205 [main] TRACE DebugLog - Solving X = ƒ(T,s) for X
2019-06-15 17:30:20.205 [main] ERROR DebugLog - No solution found.
2019-06-15 17:30:20.205 [main] ERROR DebugLog - null
2019-06-15 17:30:20.205 [main] ERROR DebugLog - P = 1013250.0
2019-06-15 17:30:20.205 [main] ERROR DebugLog - s = 1306.7097468552026
2019-06-15 17:30:20.205 [main] ERROR DebugLog - X = 0.5
2019-06-15 17:30:20.205 [main] TRACE DebugLog - Solution found in 4 iterations: 1052.5071462466278
2019-06-15 17:30:20.221 [main] INFO  DebugLog - Mass Balance equation is compatible
2019-06-15 17:30:20.221 [main] TRACE DebugLog - Solving W = m( h_out - h_in) for h_out
2019-06-15 17:30:20.221 [main] TRACE DebugLog - Solution found in 5 iterations: 420043.22495043644
2019-06-15 17:30:20.221 [main] INFO  DebugLog - Pressure Ratio equation is compatible
2019-06-15 17:30:20.221 [main] TRACE DebugLog - Solving s = ƒ(P,T) for T
2019-06-15 17:30:20.221 [main] TRACE DebugLog - Solution found in 6 iterations: 373.1865084353185
2019-06-15 17:30:20.221 [main] TRACE DebugLog - Solving rho = ƒ(P,T) for rho
2019-06-15 17:30:20.221 [main] TRACE DebugLog - Solution found in 3 iterations: 958.7549568308738
2019-06-15 17:30:20.221 [main] TRACE DebugLog - Solving rho = ƒ(v) for v
2019-06-15 17:30:20.221 [main] TRACE DebugLog - Solution found in 3 iterations: 0.0010430193793265592
2019-06-15 17:30:20.221 [main] TRACE DebugLog - Solving h = ƒ(P,T) for h
2019-06-15 17:30:20.221 [main] TRACE DebugLog - Solution found in 4 iterations: 419937.9742358118
2019-06-15 17:30:20.221 [main] TRACE DebugLog - Solving h = ƒ(u,P,v) for u
2019-06-15 17:30:20.221 [main] TRACE DebugLog - Solution found in 5 iterations: 418881.13484970917
2019-06-15 17:30:20.221 [main] TRACE DebugLog - Solving f = ƒ(u,T,s) for f
2019-06-15 17:30:20.221 [main] TRACE DebugLog - Solution found in 3 iterations: -68765.31311758282
2019-06-15 17:30:20.221 [main] TRACE DebugLog - Solving g = ƒ(h,T,s) for g
2019-06-15 17:30:20.221 [main] TRACE DebugLog - Solution found in 3 iterations: -67708.47373148019
2019-06-15 17:30:20.221 [main] TRACE DebugLog - Solving X = ƒ(h,s) for X
2019-06-15 17:30:20.221 [main] ERROR DebugLog - No solution found.
2019-06-15 17:30:20.221 [main] ERROR DebugLog - function values at endpoints do not have different signs, endpoints: [0, 1], values: [0.172, 1.172]
2019-06-15 17:30:20.221 [main] ERROR DebugLog - h = 419937.9742358118
2019-06-15 17:30:20.221 [main] ERROR DebugLog - s = 1306.7097468552026
2019-06-15 17:30:20.221 [main] ERROR DebugLog - X = 1.0
2019-06-15 17:30:20.221 [main] TRACE DebugLog - Solving X = ƒ(P,h) for X
2019-06-15 17:30:20.221 [main] ERROR DebugLog - No solution found.
2019-06-15 17:30:20.221 [main] ERROR DebugLog - function values at endpoints do not have different signs, endpoints: [0, 1], values: [0.172, 1.172]
2019-06-15 17:30:20.221 [main] ERROR DebugLog - h = 419937.9742358118
2019-06-15 17:30:20.221 [main] ERROR DebugLog - P = 1013250.0
2019-06-15 17:30:20.221 [main] ERROR DebugLog - X = 1.0
2019-06-15 17:30:20.221 [main] TRACE DebugLog - Solving X = ƒ(P,s) for X
2019-06-15 17:30:20.221 [main] ERROR DebugLog - No solution found.
2019-06-15 17:30:20.221 [main] ERROR DebugLog - function values at endpoints do not have different signs, endpoints: [0, 1], values: [0.172, 1.172]
2019-06-15 17:30:20.221 [main] ERROR DebugLog - P = 1013250.0
2019-06-15 17:30:20.221 [main] ERROR DebugLog - s = 1306.7097468552026
2019-06-15 17:30:20.221 [main] ERROR DebugLog - X = 1.0
2019-06-15 17:30:20.221 [main] TRACE DebugLog - Solving X = ƒ(T,s) for X
2019-06-15 17:30:20.221 [main] ERROR DebugLog - No solution found.
2019-06-15 17:30:20.221 [main] ERROR DebugLog - null
2019-06-15 17:30:20.221 [main] ERROR DebugLog - P = 1013250.0
2019-06-15 17:30:20.221 [main] ERROR DebugLog - s = 1306.7097468552026
2019-06-15 17:30:20.221 [main] ERROR DebugLog - X = 0.5
2019-06-15 17:30:20.221 [main] INFO  DebugLog - Efficiency equation is compatible
2019-06-15 17:30:20.221 [main] INFO  DebugLog - Solving Boiler
2019-06-15 17:30:20.221 [main] INFO  DebugLog - Solving Turbine
2019-06-15 17:30:20.221 [main] INFO  DebugLog - Solving Condenser
2019-06-15 17:30:20.221 [main] TRACE DebugLog - Solving m_in = m_out for m_in
2019-06-15 17:30:20.221 [main] TRACE DebugLog - Solution found in 4 iterations: 1.0
2019-06-15 17:30:20.221 [main] TRACE DebugLog - Solving p_out = p_in (1 - p_loss) for p_in
2019-06-15 17:30:20.221 [main] TRACE DebugLog - Solution found in 4 iterations: 106657.89473684212
2019-06-15 17:30:20.221 [main] INFO  DebugLog - Mass Balance equation is compatible
2019-06-15 17:30:20.221 [main] INFO  DebugLog - Pressure Loss equation is compatible
2019-06-15 17:30:20.221 [main] TRACE DebugLog - Updating flow nodes.
2019-06-15 17:30:20.221 [main] TRACE DebugLog - Solving X = ƒ(P,h) for h
2019-06-15 17:30:20.221 [main] TRACE DebugLog - Solution found in 3 iterations: 2677804.1520443647
2019-06-15 17:30:20.221 [main] TRACE DebugLog - Solving h = ƒ(P,T) for T
2019-06-15 17:30:20.221 [main] TRACE DebugLog - Solution found in 13 iterations: 374.5685406728643
2019-06-15 17:30:20.221 [main] TRACE DebugLog - Solving rho = ƒ(P,T) for rho
2019-06-15 17:30:20.221 [main] TRACE DebugLog - Solution found in 3 iterations: 0.6269901752150822
2019-06-15 17:30:20.221 [main] TRACE DebugLog - Solving rho = ƒ(v) for v
2019-06-15 17:30:20.221 [main] TRACE DebugLog - Solution found in 4 iterations: 1.5949213233795263
2019-06-15 17:30:20.221 [main] TRACE DebugLog - Solving h = ƒ(u,P,v) for u
2019-06-15 17:30:20.221 [main] TRACE DebugLog - Solution found in 5 iterations: 2507693.201421806
2019-06-15 17:30:20.221 [main] TRACE DebugLog - Solving s = ƒ(P,T) for s
2019-06-15 17:30:20.221 [main] TRACE DebugLog - Solution found in 5 iterations: 7337.167189261284
2019-06-15 17:30:20.221 [main] TRACE DebugLog - Solving f = ƒ(u,T,s) for f
2019-06-15 17:30:20.221 [main] TRACE DebugLog - Solution found in 3 iterations: -240578.80533261457
2019-06-15 17:30:20.221 [main] TRACE DebugLog - Solving g = ƒ(h,T,s) for g
2019-06-15 17:30:20.221 [main] TRACE DebugLog - Solution found in 3 iterations: -70467.85471005598
2019-06-15 17:30:20.221 [main] TRACE DebugLog - Solving h = ƒ(P,T) for T
2019-06-15 17:30:20.221 [main] TRACE DebugLog - Solution found in 6 iterations: 373.2114971545401
2019-06-15 17:30:20.221 [main] TRACE DebugLog - Solving rho = ƒ(P,T) for rho
2019-06-15 17:30:20.221 [main] TRACE DebugLog - Solution found in 3 iterations: 958.7369962550025
2019-06-15 17:30:20.221 [main] TRACE DebugLog - Solving rho = ƒ(v) for v
2019-06-15 17:30:20.221 [main] TRACE DebugLog - Solution found in 3 iterations: 0.0010430389188131658
2019-06-15 17:30:20.221 [main] TRACE DebugLog - Solving h = ƒ(u,P,v) for u
2019-06-15 17:30:20.221 [main] TRACE DebugLog - Solution found in 5 iterations: 418986.365765949
2019-06-15 17:30:20.221 [main] TRACE DebugLog - Solving s = ƒ(P,T) for s
2019-06-15 17:30:20.221 [main] TRACE DebugLog - Solution found in 4 iterations: 1306.995224013136
2019-06-15 17:30:20.221 [main] TRACE DebugLog - Solving f = ƒ(u,T,s) for f
2019-06-15 17:30:20.221 [main] TRACE DebugLog - Solution found in 3 iterations: -68799.27856182703
2019-06-15 17:30:20.221 [main] TRACE DebugLog - Solving g = ƒ(h,T,s) for g
2019-06-15 17:30:20.221 [main] TRACE DebugLog - Solution found in 3 iterations: -67742.4193773396
2019-06-15 17:30:20.221 [main] TRACE DebugLog - Solving X = ƒ(h,s) for X
2019-06-15 17:30:20.221 [main] ERROR DebugLog - No solution found.
2019-06-15 17:30:20.221 [main] ERROR DebugLog - function values at endpoints do not have different signs, endpoints: [0, 1], values: [0.172, 1.172]
2019-06-15 17:30:20.221 [main] ERROR DebugLog - h = 420043.22495043644
2019-06-15 17:30:20.221 [main] ERROR DebugLog - s = 1306.995224013136
2019-06-15 17:30:20.221 [main] ERROR DebugLog - X = 1.0
2019-06-15 17:30:20.221 [main] TRACE DebugLog - Solving X = ƒ(P,h) for X
2019-06-15 17:30:20.221 [main] ERROR DebugLog - No solution found.
2019-06-15 17:30:20.221 [main] ERROR DebugLog - function values at endpoints do not have different signs, endpoints: [0, 1], values: [0.172, 1.172]
2019-06-15 17:30:20.221 [main] ERROR DebugLog - h = 420043.22495043644
2019-06-15 17:30:20.221 [main] ERROR DebugLog - P = 1013250.0
2019-06-15 17:30:20.221 [main] ERROR DebugLog - X = 1.0
2019-06-15 17:30:20.221 [main] TRACE DebugLog - Solving X = ƒ(P,s) for X
2019-06-15 17:30:20.221 [main] ERROR DebugLog - No solution found.
2019-06-15 17:30:20.221 [main] ERROR DebugLog - function values at endpoints do not have different signs, endpoints: [0, 1], values: [0.172, 1.172]
2019-06-15 17:30:20.221 [main] ERROR DebugLog - P = 1013250.0
2019-06-15 17:30:20.221 [main] ERROR DebugLog - s = 1306.995224013136
2019-06-15 17:30:20.221 [main] ERROR DebugLog - X = 1.0
2019-06-15 17:30:20.221 [main] TRACE DebugLog - Solving X = ƒ(T,s) for X
2019-06-15 17:30:20.221 [main] ERROR DebugLog - No solution found.
2019-06-15 17:30:20.221 [main] ERROR DebugLog - null
2019-06-15 17:30:20.221 [main] ERROR DebugLog - P = 1013250.0
2019-06-15 17:30:20.221 [main] ERROR DebugLog - s = 1306.995224013136
2019-06-15 17:30:20.221 [main] ERROR DebugLog - X = 0.5
2019-06-15 17:30:20.221 [main] TRACE DebugLog - Updating connections.
2019-06-15 17:30:20.221 [main] TRACE DebugLog - Solving X = ƒ(h,s) for X
2019-06-15 17:30:20.221 [main] ERROR DebugLog - No solution found.
2019-06-15 17:30:20.221 [main] ERROR DebugLog - function values at endpoints do not have different signs, endpoints: [0, 1], values: [0.172, 1.172]
2019-06-15 17:30:20.221 [main] ERROR DebugLog - h = 420043.22495043644
2019-06-15 17:30:20.221 [main] ERROR DebugLog - s = 1306.995224013136
2019-06-15 17:30:20.221 [main] ERROR DebugLog - X = 1.0
2019-06-15 17:30:20.221 [main] TRACE DebugLog - Solving X = ƒ(P,h) for X
2019-06-15 17:30:20.221 [main] ERROR DebugLog - No solution found.
2019-06-15 17:30:20.221 [main] ERROR DebugLog - function values at endpoints do not have different signs, endpoints: [0, 1], values: [0.172, 1.172]
2019-06-15 17:30:20.221 [main] ERROR DebugLog - h = 420043.22495043644
2019-06-15 17:30:20.221 [main] ERROR DebugLog - P = 1013250.0
2019-06-15 17:30:20.221 [main] ERROR DebugLog - X = 1.0
2019-06-15 17:30:20.221 [main] TRACE DebugLog - Solving X = ƒ(P,s) for X
2019-06-15 17:30:20.236 [main] ERROR DebugLog - No solution found.
2019-06-15 17:30:20.236 [main] ERROR DebugLog - function values at endpoints do not have different signs, endpoints: [0, 1], values: [0.172, 1.172]
2019-06-15 17:30:20.236 [main] ERROR DebugLog - P = 1013250.0
2019-06-15 17:30:20.236 [main] ERROR DebugLog - s = 1306.995224013136
2019-06-15 17:30:20.236 [main] ERROR DebugLog - X = 1.0
2019-06-15 17:30:20.236 [main] TRACE DebugLog - Solving X = ƒ(T,s) for X
2019-06-15 17:30:20.236 [main] ERROR DebugLog - No solution found.
2019-06-15 17:30:20.236 [main] ERROR DebugLog - null
2019-06-15 17:30:20.236 [main] ERROR DebugLog - P = 1013250.0
2019-06-15 17:30:20.236 [main] ERROR DebugLog - s = 1306.995224013136
2019-06-15 17:30:20.236 [main] ERROR DebugLog - X = 0.5
2019-06-15 17:30:20.236 [main] TRACE DebugLog - Solving X = ƒ(h,s) for X
2019-06-15 17:30:20.236 [main] ERROR DebugLog - No solution found.
2019-06-15 17:30:20.236 [main] ERROR DebugLog - function values at endpoints do not have different signs, endpoints: [0, 1], values: [0.172, 1.172]
2019-06-15 17:30:20.236 [main] ERROR DebugLog - h = 420043.22495043644
2019-06-15 17:30:20.236 [main] ERROR DebugLog - s = 1306.995224013136
2019-06-15 17:30:20.236 [main] ERROR DebugLog - X = 1.0
2019-06-15 17:30:20.236 [main] TRACE DebugLog - Solving X = ƒ(P,h) for X
2019-06-15 17:30:20.236 [main] ERROR DebugLog - No solution found.
2019-06-15 17:30:20.236 [main] ERROR DebugLog - function values at endpoints do not have different signs, endpoints: [0, 1], values: [0.172, 1.172]
2019-06-15 17:30:20.236 [main] ERROR DebugLog - h = 420043.22495043644
2019-06-15 17:30:20.236 [main] ERROR DebugLog - P = 1013250.0
2019-06-15 17:30:20.236 [main] ERROR DebugLog - X = 1.0
2019-06-15 17:30:20.236 [main] TRACE DebugLog - Solving X = ƒ(P,s) for X
2019-06-15 17:30:20.236 [main] ERROR DebugLog - No solution found.
2019-06-15 17:30:20.236 [main] ERROR DebugLog - function values at endpoints do not have different signs, endpoints: [0, 1], values: [0.172, 1.172]
2019-06-15 17:30:20.236 [main] ERROR DebugLog - P = 1013250.0
2019-06-15 17:30:20.236 [main] ERROR DebugLog - s = 1306.995224013136
2019-06-15 17:30:20.236 [main] ERROR DebugLog - X = 1.0
2019-06-15 17:30:20.236 [main] TRACE DebugLog - Solving X = ƒ(T,s) for X
2019-06-15 17:30:20.236 [main] ERROR DebugLog - No solution found.
2019-06-15 17:30:20.236 [main] ERROR DebugLog - null
2019-06-15 17:30:20.236 [main] ERROR DebugLog - P = 1013250.0
2019-06-15 17:30:20.236 [main] ERROR DebugLog - s = 1306.995224013136
2019-06-15 17:30:20.236 [main] ERROR DebugLog - X = 0.5
2019-06-15 17:30:20.236 [main] TRACE DebugLog - Updating components.
2019-06-15 17:30:20.236 [main] INFO  DebugLog - Solving Feed pump
2019-06-15 17:30:20.236 [main] INFO  DebugLog - Energy Balance equation is compatible
2019-06-15 17:30:20.236 [main] INFO  DebugLog - Solving Boiler
2019-06-15 17:30:20.236 [main] TRACE DebugLog - Solving m_in = m_out for m_out
2019-06-15 17:30:20.236 [main] TRACE DebugLog - Solution found in 4 iterations: 1.0
2019-06-15 17:30:20.236 [main] TRACE DebugLog - Solving P_out = P_in (1 - Pr) for P_out
2019-06-15 17:30:20.236 [main] TRACE DebugLog - Solution found in 3 iterations: 962587.5
2019-06-15 17:30:20.236 [main] INFO  DebugLog - Mass Balance equation is compatible
2019-06-15 17:30:20.236 [main] INFO  DebugLog - Pressure Loss equation is compatible
2019-06-15 17:30:20.236 [main] INFO  DebugLog - Solving Turbine
2019-06-15 17:30:20.236 [main] TRACE DebugLog - Solving m_in = m_out for m_in
2019-06-15 17:30:20.236 [main] TRACE DebugLog - Solution found in 4 iterations: 1.0
2019-06-15 17:30:20.236 [main] INFO  DebugLog - Mass Balance equation is compatible
2019-06-15 17:30:20.236 [main] INFO  DebugLog - Solving Condenser
2019-06-15 17:30:20.236 [main] TRACE DebugLog - Solving Q = m (h_in - h_out) for Q
2019-06-15 17:30:20.236 [main] TRACE DebugLog - Solution found in 4 iterations: 2258813.434240175
2019-06-15 17:30:20.236 [main] INFO  DebugLog - Energy Balance equation is compatible
2019-06-15 17:30:20.236 [main] TRACE DebugLog - Updating flow nodes.
2019-06-15 17:30:20.236 [main] TRACE DebugLog - Solving rho = ƒ(P,T) for rho
2019-06-15 17:30:20.236 [main] TRACE DebugLog - Solution found in 3 iterations: 937.8517512531399
2019-06-15 17:30:20.236 [main] TRACE DebugLog - Solving rho = ƒ(v) for v
2019-06-15 17:30:20.236 [main] TRACE DebugLog - Solution found in 3 iterations: 0.0010662666020123317
2019-06-15 17:30:20.236 [main] TRACE DebugLog - Solving h = ƒ(P,T) for h
2019-06-15 17:30:20.236 [main] TRACE DebugLog - Solution found in 4 iterations: 533437.6283104273
2019-06-15 17:30:20.236 [main] TRACE DebugLog - Solving h = ƒ(u,P,v) for u
2019-06-15 17:30:20.236 [main] TRACE DebugLog - Solution found in 5 iterations: 532411.2534076627
2019-06-15 17:30:20.236 [main] TRACE DebugLog - Solving s = ƒ(P,T) for s
2019-06-15 17:30:20.236 [main] TRACE DebugLog - Solution found in 4 iterations: 1600.541373654392
2019-06-15 17:30:20.236 [main] TRACE DebugLog - Solving f = ƒ(u,T,s) for f
2019-06-15 17:30:20.236 [main] TRACE DebugLog - Solution found in 3 iterations: -107805.29605409398
2019-06-15 17:30:20.236 [main] TRACE DebugLog - Solving g = ƒ(h,T,s) for g
2019-06-15 17:30:20.236 [main] TRACE DebugLog - Solution found in 3 iterations: -106778.92115132941
2019-06-15 17:30:20.236 [main] TRACE DebugLog - Solving X = ƒ(h,s) for X
2019-06-15 17:30:20.236 [main] ERROR DebugLog - No solution found.
2019-06-15 17:30:20.236 [main] ERROR DebugLog - function values at endpoints do not have different signs, endpoints: [0, 1], values: [0.11, 1.11]
2019-06-15 17:30:20.236 [main] ERROR DebugLog - h = 533437.6283104273
2019-06-15 17:30:20.236 [main] ERROR DebugLog - s = 1600.541373654392
2019-06-15 17:30:20.236 [main] ERROR DebugLog - X = 1.0
2019-06-15 17:30:20.236 [main] TRACE DebugLog - Solving X = ƒ(P,h) for X
2019-06-15 17:30:20.236 [main] ERROR DebugLog - No solution found.
2019-06-15 17:30:20.236 [main] ERROR DebugLog - function values at endpoints do not have different signs, endpoints: [0, 1], values: [0.11, 1.11]
2019-06-15 17:30:20.236 [main] ERROR DebugLog - h = 533437.6283104273
2019-06-15 17:30:20.236 [main] ERROR DebugLog - P = 962587.5
2019-06-15 17:30:20.236 [main] ERROR DebugLog - X = 1.0
2019-06-15 17:30:20.236 [main] TRACE DebugLog - Solving X = ƒ(P,s) for X
2019-06-15 17:30:20.236 [main] ERROR DebugLog - No solution found.
2019-06-15 17:30:20.236 [main] ERROR DebugLog - function values at endpoints do not have different signs, endpoints: [0, 1], values: [0.11, 1.11]
2019-06-15 17:30:20.236 [main] ERROR DebugLog - P = 962587.5
2019-06-15 17:30:20.236 [main] ERROR DebugLog - s = 1600.541373654392
2019-06-15 17:30:20.236 [main] ERROR DebugLog - X = 1.0
2019-06-15 17:30:20.236 [main] TRACE DebugLog - Solving X = ƒ(T,s) for X
2019-06-15 17:30:20.236 [main] ERROR DebugLog - No solution found.
2019-06-15 17:30:20.236 [main] ERROR DebugLog - null
2019-06-15 17:30:20.236 [main] ERROR DebugLog - P = 962587.5
2019-06-15 17:30:20.236 [main] ERROR DebugLog - s = 1600.541373654392
2019-06-15 17:30:20.236 [main] ERROR DebugLog - X = 0.5
2019-06-15 17:30:20.236 [main] TRACE DebugLog - Updating connections.
2019-06-15 17:30:20.236 [main] TRACE DebugLog - Solving X = ƒ(h,s) for X
2019-06-15 17:30:20.236 [main] ERROR DebugLog - No solution found.
2019-06-15 17:30:20.236 [main] ERROR DebugLog - function values at endpoints do not have different signs, endpoints: [0, 1], values: [0.11, 1.11]
2019-06-15 17:30:20.236 [main] ERROR DebugLog - h = 533437.6283104273
2019-06-15 17:30:20.236 [main] ERROR DebugLog - s = 1600.541373654392
2019-06-15 17:30:20.236 [main] ERROR DebugLog - X = 1.0
2019-06-15 17:30:20.236 [main] TRACE DebugLog - Solving X = ƒ(P,h) for X
2019-06-15 17:30:20.236 [main] ERROR DebugLog - No solution found.
2019-06-15 17:30:20.236 [main] ERROR DebugLog - function values at endpoints do not have different signs, endpoints: [0, 1], values: [0.11, 1.11]
2019-06-15 17:30:20.236 [main] ERROR DebugLog - h = 533437.6283104273
2019-06-15 17:30:20.236 [main] ERROR DebugLog - P = 962587.5
2019-06-15 17:30:20.236 [main] ERROR DebugLog - X = 1.0
2019-06-15 17:30:20.236 [main] TRACE DebugLog - Solving X = ƒ(P,s) for X
2019-06-15 17:30:20.236 [main] ERROR DebugLog - No solution found.
2019-06-15 17:30:20.236 [main] ERROR DebugLog - function values at endpoints do not have different signs, endpoints: [0, 1], values: [0.11, 1.11]
2019-06-15 17:30:20.236 [main] ERROR DebugLog - P = 962587.5
2019-06-15 17:30:20.236 [main] ERROR DebugLog - s = 1600.541373654392
2019-06-15 17:30:20.236 [main] ERROR DebugLog - X = 1.0
2019-06-15 17:30:20.236 [main] TRACE DebugLog - Solving X = ƒ(T,s) for X
2019-06-15 17:30:20.236 [main] ERROR DebugLog - No solution found.
2019-06-15 17:30:20.236 [main] ERROR DebugLog - null
2019-06-15 17:30:20.236 [main] ERROR DebugLog - P = 962587.5
2019-06-15 17:30:20.236 [main] ERROR DebugLog - s = 1600.541373654392
2019-06-15 17:30:20.236 [main] ERROR DebugLog - X = 0.5
2019-06-15 17:30:20.236 [main] TRACE DebugLog - Solving X = ƒ(h,s) for X
2019-06-15 17:30:20.236 [main] ERROR DebugLog - No solution found.
2019-06-15 17:30:20.236 [main] ERROR DebugLog - function values at endpoints do not have different signs, endpoints: [0, 1], values: [0.11, 1.11]
2019-06-15 17:30:20.236 [main] ERROR DebugLog - h = 533437.6283104273
2019-06-15 17:30:20.236 [main] ERROR DebugLog - s = 1600.541373654392
2019-06-15 17:30:20.236 [main] ERROR DebugLog - X = 1.0
2019-06-15 17:30:20.236 [main] TRACE DebugLog - Solving X = ƒ(P,h) for X
2019-06-15 17:30:20.236 [main] ERROR DebugLog - No solution found.
2019-06-15 17:30:20.236 [main] ERROR DebugLog - function values at endpoints do not have different signs, endpoints: [0, 1], values: [0.11, 1.11]
2019-06-15 17:30:20.236 [main] ERROR DebugLog - h = 533437.6283104273
2019-06-15 17:30:20.236 [main] ERROR DebugLog - P = 962587.5
2019-06-15 17:30:20.236 [main] ERROR DebugLog - X = 1.0
2019-06-15 17:30:20.236 [main] TRACE DebugLog - Solving X = ƒ(P,s) for X
2019-06-15 17:30:20.236 [main] ERROR DebugLog - No solution found.
2019-06-15 17:30:20.236 [main] ERROR DebugLog - function values at endpoints do not have different signs, endpoints: [0, 1], values: [0.11, 1.11]
2019-06-15 17:30:20.236 [main] ERROR DebugLog - P = 962587.5
2019-06-15 17:30:20.236 [main] ERROR DebugLog - s = 1600.541373654392
2019-06-15 17:30:20.236 [main] ERROR DebugLog - X = 1.0
2019-06-15 17:30:20.236 [main] TRACE DebugLog - Solving X = ƒ(T,s) for X
2019-06-15 17:30:20.236 [main] ERROR DebugLog - No solution found.
2019-06-15 17:30:20.236 [main] ERROR DebugLog - null
2019-06-15 17:30:20.236 [main] ERROR DebugLog - P = 962587.5
2019-06-15 17:30:20.236 [main] ERROR DebugLog - s = 1600.541373654392
2019-06-15 17:30:20.236 [main] ERROR DebugLog - X = 0.5
2019-06-15 17:30:20.236 [main] TRACE DebugLog - Solving X = ƒ(h,s) for X
2019-06-15 17:30:20.236 [main] ERROR DebugLog - No solution found.
2019-06-15 17:30:20.236 [main] ERROR DebugLog - function values at endpoints do not have different signs, endpoints: [0, 1], values: [0.11, 1.11]
2019-06-15 17:30:20.236 [main] ERROR DebugLog - h = 533437.6283104273
2019-06-15 17:30:20.236 [main] ERROR DebugLog - s = 1600.541373654392
2019-06-15 17:30:20.236 [main] ERROR DebugLog - X = 1.0
2019-06-15 17:30:20.236 [main] TRACE DebugLog - Solving X = ƒ(P,h) for X
2019-06-15 17:30:20.236 [main] ERROR DebugLog - No solution found.
2019-06-15 17:30:20.236 [main] ERROR DebugLog - function values at endpoints do not have different signs, endpoints: [0, 1], values: [0.11, 1.11]
2019-06-15 17:30:20.236 [main] ERROR DebugLog - h = 533437.6283104273
2019-06-15 17:30:20.236 [main] ERROR DebugLog - P = 962587.5
2019-06-15 17:30:20.236 [main] ERROR DebugLog - X = 1.0
2019-06-15 17:30:20.236 [main] TRACE DebugLog - Solving X = ƒ(P,s) for X
2019-06-15 17:30:20.236 [main] ERROR DebugLog - No solution found.
2019-06-15 17:30:20.236 [main] ERROR DebugLog - function values at endpoints do not have different signs, endpoints: [0, 1], values: [0.11, 1.11]
2019-06-15 17:30:20.236 [main] ERROR DebugLog - P = 962587.5
2019-06-15 17:30:20.236 [main] ERROR DebugLog - s = 1600.541373654392
2019-06-15 17:30:20.236 [main] ERROR DebugLog - X = 1.0
2019-06-15 17:30:20.236 [main] TRACE DebugLog - Solving X = ƒ(T,s) for X
2019-06-15 17:30:20.236 [main] ERROR DebugLog - No solution found.
2019-06-15 17:30:20.252 [main] ERROR DebugLog - null
2019-06-15 17:30:20.252 [main] ERROR DebugLog - P = 962587.5
2019-06-15 17:30:20.252 [main] ERROR DebugLog - s = 1600.541373654392
2019-06-15 17:30:20.252 [main] ERROR DebugLog - X = 0.5
2019-06-15 17:30:20.252 [main] TRACE DebugLog - Solving X = ƒ(h,s) for X
2019-06-15 17:30:20.252 [main] ERROR DebugLog - No solution found.
2019-06-15 17:30:20.252 [main] ERROR DebugLog - function values at endpoints do not have different signs, endpoints: [0, 1], values: [0.11, 1.11]
2019-06-15 17:30:20.252 [main] ERROR DebugLog - h = 533437.6283104273
2019-06-15 17:30:20.252 [main] ERROR DebugLog - s = 1600.541373654392
2019-06-15 17:30:20.252 [main] ERROR DebugLog - X = 1.0
2019-06-15 17:30:20.252 [main] TRACE DebugLog - Solving X = ƒ(P,h) for X
2019-06-15 17:30:20.252 [main] ERROR DebugLog - No solution found.
2019-06-15 17:30:20.252 [main] ERROR DebugLog - function values at endpoints do not have different signs, endpoints: [0, 1], values: [0.11, 1.11]
2019-06-15 17:30:20.252 [main] ERROR DebugLog - h = 533437.6283104273
2019-06-15 17:30:20.252 [main] ERROR DebugLog - P = 962587.5
2019-06-15 17:30:20.252 [main] ERROR DebugLog - X = 1.0
2019-06-15 17:30:20.252 [main] TRACE DebugLog - Solving X = ƒ(P,s) for X
2019-06-15 17:30:20.252 [main] ERROR DebugLog - No solution found.
2019-06-15 17:30:20.252 [main] ERROR DebugLog - function values at endpoints do not have different signs, endpoints: [0, 1], values: [0.11, 1.11]
2019-06-15 17:30:20.252 [main] ERROR DebugLog - P = 962587.5
2019-06-15 17:30:20.252 [main] ERROR DebugLog - s = 1600.541373654392
2019-06-15 17:30:20.252 [main] ERROR DebugLog - X = 1.0
2019-06-15 17:30:20.252 [main] TRACE DebugLog - Solving X = ƒ(T,s) for X
2019-06-15 17:30:20.252 [main] ERROR DebugLog - No solution found.
2019-06-15 17:30:20.252 [main] ERROR DebugLog - null
2019-06-15 17:30:20.252 [main] ERROR DebugLog - P = 962587.5
2019-06-15 17:30:20.252 [main] ERROR DebugLog - s = 1600.541373654392
2019-06-15 17:30:20.252 [main] ERROR DebugLog - X = 0.5
2019-06-15 17:30:20.252 [main] TRACE DebugLog - Updating components.
2019-06-15 17:30:20.252 [main] INFO  DebugLog - Solving Feed pump
2019-06-15 17:30:20.252 [main] INFO  DebugLog - Solving Boiler
2019-06-15 17:30:20.252 [main] TRACE DebugLog - Solving Q = m (h_out - h_in) for Q
2019-06-15 17:30:20.252 [main] TRACE DebugLog - Solution found in 4 iterations: 113394.40335999086
2019-06-15 17:30:20.252 [main] INFO  DebugLog - Energy Balance equation is compatible
2019-06-15 17:30:20.252 [main] INFO  DebugLog - Solving Turbine
2019-06-15 17:30:20.252 [main] TRACE DebugLog - Solving W = m (h_out - h_in) for W
2019-06-15 17:30:20.252 [main] TRACE DebugLog - Solution found in 3 iterations: -2144366.523733937
2019-06-15 17:30:20.252 [main] TRACE DebugLog - Solving P_in = P_out Rp for Rp
2019-06-15 17:30:20.252 [main] TRACE DebugLog - Solution found in 3 iterations: 9.024999999999999
2019-06-15 17:30:20.252 [main] TRACE DebugLog - Solving s = ƒ(P,T) for T
2019-06-15 17:30:20.252 [main] TRACE DebugLog - Solution found in 24 iterations: 374.5673640437648
2019-06-15 17:30:20.252 [main] TRACE DebugLog - Solving rho = ƒ(P,T) for rho
2019-06-15 17:30:20.252 [main] TRACE DebugLog - Solution found in 3 iterations: 957.3320073688991
2019-06-15 17:30:20.252 [main] TRACE DebugLog - Solving rho = ƒ(v) for v
2019-06-15 17:30:20.252 [main] TRACE DebugLog - Solution found in 3 iterations: 0.0010445696919174031
2019-06-15 17:30:20.252 [main] TRACE DebugLog - Solving h = ƒ(P,T) for h
2019-06-15 17:30:20.252 [main] TRACE DebugLog - Solution found in 4 iterations: 425080.88089511107
2019-06-15 17:30:20.252 [main] TRACE DebugLog - Solving h = ƒ(u,P,v) for u
2019-06-15 17:30:20.252 [main] TRACE DebugLog - Solution found in 5 iterations: 424969.4692908653
2019-06-15 17:30:20.252 [main] TRACE DebugLog - Solving f = ƒ(u,T,s) for f
2019-06-15 17:30:20.252 [main] TRACE DebugLog - Solution found in 3 iterations: -174541.0940818467
2019-06-15 17:30:20.252 [main] TRACE DebugLog - Solving g = ƒ(h,T,s) for g
2019-06-15 17:30:20.252 [main] TRACE DebugLog - Solution found in 3 iterations: -174429.68247760093
2019-06-15 17:30:20.252 [main] TRACE DebugLog - Solving X = ƒ(h,s) for X
2019-06-15 17:30:20.252 [main] ERROR DebugLog - No solution found.
2019-06-15 17:30:20.252 [main] ERROR DebugLog - function values at endpoints do not have different signs, endpoints: [0, 1], values: [0.032, 1.032]
2019-06-15 17:30:20.252 [main] ERROR DebugLog - h = 425080.88089511107
2019-06-15 17:30:20.252 [main] ERROR DebugLog - s = 1600.541373654392
2019-06-15 17:30:20.252 [main] ERROR DebugLog - X = 1.0
2019-06-15 17:30:20.252 [main] TRACE DebugLog - Solving X = ƒ(P,h) for X
2019-06-15 17:30:20.252 [main] TRACE DebugLog - Solution found in 2 iterations: 0.0
2019-06-15 17:30:20.252 [main] ERROR DebugLog - Efficiency equation is not compatible
2019-06-15 17:30:20.252 [main] INFO  DebugLog - Energy Balance equation is compatible
2019-06-15 17:30:20.252 [main] INFO  DebugLog - Pressure Ratio equation is compatible
2019-06-15 17:30:20.252 [main] TRACE DebugLog - Updating flow nodes.
2019-06-15 17:30:20.252 [main] TRACE DebugLog - Updating connections.
2019-06-15 17:30:20.252 [main] TRACE DebugLog - Updating components.
2019-06-15 17:30:20.252 [main] INFO  DebugLog - Solving Feed pump
2019-06-15 17:30:20.252 [main] INFO  DebugLog - Solving Boiler
2019-06-15 17:30:20.252 [main] INFO  DebugLog - Solving Turbine
2019-06-15 17:30:20.252 [main] TRACE DebugLog - Updating flow nodes.
2019-06-15 17:30:20.252 [main] TRACE DebugLog - Updating connections.
2019-06-15 17:30:20.252 [main] INFO  DebugLog - System solved.
2019-06-15 17:30:20.252 [main] DEBUG DebugLog - TO DO: Store parametric results.
