2019-06-15 17:30:20.190 [main] ERROR DebugLog - No solution found.
2019-06-15 17:30:20.190 [main] ERROR DebugLog - function values at endpoints do not have different signs, endpoints: [0, 1], values: [0.172, 1.172]
2019-06-15 17:30:20.190 [main] ERROR DebugLog - h = 419937.9742358118
2019-06-15 17:30:20.190 [main] ERROR DebugLog - s = 1306.7097468552026
2019-06-15 17:30:20.190 [main] ERROR DebugLog - X = 1.0
2019-06-15 17:30:20.190 [main] ERROR DebugLog - No solution found.
2019-06-15 17:30:20.190 [main] ERROR DebugLog - function values at endpoints do not have different signs, endpoints: [0, 1], values: [0.172, 1.172]
2019-06-15 17:30:20.190 [main] ERROR DebugLog - h = 419937.9742358118
2019-06-15 17:30:20.190 [main] ERROR DebugLog - P = 1013250.0
2019-06-15 17:30:20.190 [main] ERROR DebugLog - X = 1.0
2019-06-15 17:30:20.190 [main] ERROR DebugLog - No solution found.
2019-06-15 17:30:20.190 [main] ERROR DebugLog - function values at endpoints do not have different signs, endpoints: [0, 1], values: [0.172, 1.172]
2019-06-15 17:30:20.190 [main] ERROR DebugLog - P = 1013250.0
2019-06-15 17:30:20.190 [main] ERROR DebugLog - s = 1306.7097468552026
2019-06-15 17:30:20.190 [main] ERROR DebugLog - X = 1.0
2019-06-15 17:30:20.190 [main] ERROR DebugLog - No solution found.
2019-06-15 17:30:20.190 [main] ERROR DebugLog - null
2019-06-15 17:30:20.190 [main] ERROR DebugLog - P = 1013250.0
2019-06-15 17:30:20.190 [main] ERROR DebugLog - s = 1306.7097468552026
2019-06-15 17:30:20.190 [main] ERROR DebugLog - X = 0.5
2019-06-15 17:30:20.190 [main] ERROR DebugLog - No solution found.
2019-06-15 17:30:20.190 [main] ERROR DebugLog - function values at endpoints do not have different signs, endpoints: [0, 1], values: [0.172, 1.172]
2019-06-15 17:30:20.205 [main] ERROR DebugLog - h = 419937.9742358118
2019-06-15 17:30:20.205 [main] ERROR DebugLog - s = 1306.7097468552026
2019-06-15 17:30:20.205 [main] ERROR DebugLog - X = 1.0
2019-06-15 17:30:20.205 [main] ERROR DebugLog - No solution found.
2019-06-15 17:30:20.205 [main] ERROR DebugLog - function values at endpoints do not have different signs, endpoints: [0, 1], values: [0.172, 1.172]
2019-06-15 17:30:20.205 [main] ERROR DebugLog - h = 419937.9742358118
2019-06-15 17:30:20.205 [main] ERROR DebugLog - P = 1013250.0
2019-06-15 17:30:20.205 [main] ERROR DebugLog - X = 1.0
2019-06-15 17:30:20.205 [main] ERROR DebugLog - No solution found.
2019-06-15 17:30:20.205 [main] ERROR DebugLog - function values at endpoints do not have different signs, endpoints: [0, 1], values: [0.172, 1.172]
2019-06-15 17:30:20.205 [main] ERROR DebugLog - P = 1013250.0
2019-06-15 17:30:20.205 [main] ERROR DebugLog - s = 1306.7097468552026
2019-06-15 17:30:20.205 [main] ERROR DebugLog - X = 1.0
2019-06-15 17:30:20.205 [main] ERROR DebugLog - No solution found.
2019-06-15 17:30:20.205 [main] ERROR DebugLog - null
2019-06-15 17:30:20.205 [main] ERROR DebugLog - P = 1013250.0
2019-06-15 17:30:20.205 [main] ERROR DebugLog - s = 1306.7097468552026
2019-06-15 17:30:20.205 [main] ERROR DebugLog - X = 0.5
2019-06-15 17:30:20.205 [main] ERROR DebugLog - No solution found.
2019-06-15 17:30:20.205 [main] ERROR DebugLog - function values at endpoints do not have different signs, endpoints: [0, 1], values: [0.172, 1.172]
2019-06-15 17:30:20.205 [main] ERROR DebugLog - h = 419937.9742358118
2019-06-15 17:30:20.205 [main] ERROR DebugLog - s = 1306.7097468552026
2019-06-15 17:30:20.205 [main] ERROR DebugLog - X = 1.0
2019-06-15 17:30:20.205 [main] ERROR DebugLog - No solution found.
2019-06-15 17:30:20.205 [main] ERROR DebugLog - function values at endpoints do not have different signs, endpoints: [0, 1], values: [0.172, 1.172]
2019-06-15 17:30:20.205 [main] ERROR DebugLog - h = 419937.9742358118
2019-06-15 17:30:20.205 [main] ERROR DebugLog - P = 1013250.0
2019-06-15 17:30:20.205 [main] ERROR DebugLog - X = 1.0
2019-06-15 17:30:20.205 [main] ERROR DebugLog - No solution found.
2019-06-15 17:30:20.205 [main] ERROR DebugLog - function values at endpoints do not have different signs, endpoints: [0, 1], values: [0.172, 1.172]
2019-06-15 17:30:20.205 [main] ERROR DebugLog - P = 1013250.0
2019-06-15 17:30:20.205 [main] ERROR DebugLog - s = 1306.7097468552026
2019-06-15 17:30:20.205 [main] ERROR DebugLog - X = 1.0
2019-06-15 17:30:20.205 [main] ERROR DebugLog - No solution found.
2019-06-15 17:30:20.205 [main] ERROR DebugLog - null
2019-06-15 17:30:20.205 [main] ERROR DebugLog - P = 1013250.0
2019-06-15 17:30:20.205 [main] ERROR DebugLog - s = 1306.7097468552026
2019-06-15 17:30:20.205 [main] ERROR DebugLog - X = 0.5
2019-06-15 17:30:20.205 [main] ERROR DebugLog - No solution found.
2019-06-15 17:30:20.205 [main] ERROR DebugLog - function values at endpoints do not have different signs, endpoints: [0, 1], values: [0.172, 1.172]
2019-06-15 17:30:20.205 [main] ERROR DebugLog - h = 419937.9742358118
2019-06-15 17:30:20.205 [main] ERROR DebugLog - s = 1306.7097468552026
2019-06-15 17:30:20.205 [main] ERROR DebugLog - X = 1.0
2019-06-15 17:30:20.205 [main] ERROR DebugLog - No solution found.
2019-06-15 17:30:20.205 [main] ERROR DebugLog - function values at endpoints do not have different signs, endpoints: [0, 1], values: [0.172, 1.172]
2019-06-15 17:30:20.205 [main] ERROR DebugLog - h = 419937.9742358118
2019-06-15 17:30:20.205 [main] ERROR DebugLog - P = 1013250.0
2019-06-15 17:30:20.205 [main] ERROR DebugLog - X = 1.0
2019-06-15 17:30:20.205 [main] ERROR DebugLog - No solution found.
2019-06-15 17:30:20.205 [main] ERROR DebugLog - function values at endpoints do not have different signs, endpoints: [0, 1], values: [0.172, 1.172]
2019-06-15 17:30:20.205 [main] ERROR DebugLog - P = 1013250.0
2019-06-15 17:30:20.205 [main] ERROR DebugLog - s = 1306.7097468552026
2019-06-15 17:30:20.205 [main] ERROR DebugLog - X = 1.0
2019-06-15 17:30:20.205 [main] ERROR DebugLog - No solution found.
2019-06-15 17:30:20.205 [main] ERROR DebugLog - null
2019-06-15 17:30:20.205 [main] ERROR DebugLog - P = 1013250.0
2019-06-15 17:30:20.205 [main] ERROR DebugLog - s = 1306.7097468552026
2019-06-15 17:30:20.205 [main] ERROR DebugLog - X = 0.5
2019-06-15 17:30:20.221 [main] ERROR DebugLog - No solution found.
2019-06-15 17:30:20.221 [main] ERROR DebugLog - function values at endpoints do not have different signs, endpoints: [0, 1], values: [0.172, 1.172]
2019-06-15 17:30:20.221 [main] ERROR DebugLog - h = 419937.9742358118
2019-06-15 17:30:20.221 [main] ERROR DebugLog - s = 1306.7097468552026
2019-06-15 17:30:20.221 [main] ERROR DebugLog - X = 1.0
2019-06-15 17:30:20.221 [main] ERROR DebugLog - No solution found.
2019-06-15 17:30:20.221 [main] ERROR DebugLog - function values at endpoints do not have different signs, endpoints: [0, 1], values: [0.172, 1.172]
2019-06-15 17:30:20.221 [main] ERROR DebugLog - h = 419937.9742358118
2019-06-15 17:30:20.221 [main] ERROR DebugLog - P = 1013250.0
2019-06-15 17:30:20.221 [main] ERROR DebugLog - X = 1.0
2019-06-15 17:30:20.221 [main] ERROR DebugLog - No solution found.
2019-06-15 17:30:20.221 [main] ERROR DebugLog - function values at endpoints do not have different signs, endpoints: [0, 1], values: [0.172, 1.172]
2019-06-15 17:30:20.221 [main] ERROR DebugLog - P = 1013250.0
2019-06-15 17:30:20.221 [main] ERROR DebugLog - s = 1306.7097468552026
2019-06-15 17:30:20.221 [main] ERROR DebugLog - X = 1.0
2019-06-15 17:30:20.221 [main] ERROR DebugLog - No solution found.
2019-06-15 17:30:20.221 [main] ERROR DebugLog - null
2019-06-15 17:30:20.221 [main] ERROR DebugLog - P = 1013250.0
2019-06-15 17:30:20.221 [main] ERROR DebugLog - s = 1306.7097468552026
2019-06-15 17:30:20.221 [main] ERROR DebugLog - X = 0.5
2019-06-15 17:30:20.221 [main] ERROR DebugLog - No solution found.
2019-06-15 17:30:20.221 [main] ERROR DebugLog - function values at endpoints do not have different signs, endpoints: [0, 1], values: [0.172, 1.172]
2019-06-15 17:30:20.221 [main] ERROR DebugLog - h = 420043.22495043644
2019-06-15 17:30:20.221 [main] ERROR DebugLog - s = 1306.995224013136
2019-06-15 17:30:20.221 [main] ERROR DebugLog - X = 1.0
2019-06-15 17:30:20.221 [main] ERROR DebugLog - No solution found.
2019-06-15 17:30:20.221 [main] ERROR DebugLog - function values at endpoints do not have different signs, endpoints: [0, 1], values: [0.172, 1.172]
2019-06-15 17:30:20.221 [main] ERROR DebugLog - h = 420043.22495043644
2019-06-15 17:30:20.221 [main] ERROR DebugLog - P = 1013250.0
2019-06-15 17:30:20.221 [main] ERROR DebugLog - X = 1.0
2019-06-15 17:30:20.221 [main] ERROR DebugLog - No solution found.
2019-06-15 17:30:20.221 [main] ERROR DebugLog - function values at endpoints do not have different signs, endpoints: [0, 1], values: [0.172, 1.172]
2019-06-15 17:30:20.221 [main] ERROR DebugLog - P = 1013250.0
2019-06-15 17:30:20.221 [main] ERROR DebugLog - s = 1306.995224013136
2019-06-15 17:30:20.221 [main] ERROR DebugLog - X = 1.0
2019-06-15 17:30:20.221 [main] ERROR DebugLog - No solution found.
2019-06-15 17:30:20.221 [main] ERROR DebugLog - null
2019-06-15 17:30:20.221 [main] ERROR DebugLog - P = 1013250.0
2019-06-15 17:30:20.221 [main] ERROR DebugLog - s = 1306.995224013136
2019-06-15 17:30:20.221 [main] ERROR DebugLog - X = 0.5
2019-06-15 17:30:20.221 [main] ERROR DebugLog - No solution found.
2019-06-15 17:30:20.221 [main] ERROR DebugLog - function values at endpoints do not have different signs, endpoints: [0, 1], values: [0.172, 1.172]
2019-06-15 17:30:20.221 [main] ERROR DebugLog - h = 420043.22495043644
2019-06-15 17:30:20.221 [main] ERROR DebugLog - s = 1306.995224013136
2019-06-15 17:30:20.221 [main] ERROR DebugLog - X = 1.0
2019-06-15 17:30:20.221 [main] ERROR DebugLog - No solution found.
2019-06-15 17:30:20.221 [main] ERROR DebugLog - function values at endpoints do not have different signs, endpoints: [0, 1], values: [0.172, 1.172]
2019-06-15 17:30:20.221 [main] ERROR DebugLog - h = 420043.22495043644
2019-06-15 17:30:20.221 [main] ERROR DebugLog - P = 1013250.0
2019-06-15 17:30:20.221 [main] ERROR DebugLog - X = 1.0
2019-06-15 17:30:20.236 [main] ERROR DebugLog - No solution found.
2019-06-15 17:30:20.236 [main] ERROR DebugLog - function values at endpoints do not have different signs, endpoints: [0, 1], values: [0.172, 1.172]
2019-06-15 17:30:20.236 [main] ERROR DebugLog - P = 1013250.0
2019-06-15 17:30:20.236 [main] ERROR DebugLog - s = 1306.995224013136
2019-06-15 17:30:20.236 [main] ERROR DebugLog - X = 1.0
2019-06-15 17:30:20.236 [main] ERROR DebugLog - No solution found.
2019-06-15 17:30:20.236 [main] ERROR DebugLog - null
2019-06-15 17:30:20.236 [main] ERROR DebugLog - P = 1013250.0
2019-06-15 17:30:20.236 [main] ERROR DebugLog - s = 1306.995224013136
2019-06-15 17:30:20.236 [main] ERROR DebugLog - X = 0.5
2019-06-15 17:30:20.236 [main] ERROR DebugLog - No solution found.
2019-06-15 17:30:20.236 [main] ERROR DebugLog - function values at endpoints do not have different signs, endpoints: [0, 1], values: [0.172, 1.172]
2019-06-15 17:30:20.236 [main] ERROR DebugLog - h = 420043.22495043644
2019-06-15 17:30:20.236 [main] ERROR DebugLog - s = 1306.995224013136
2019-06-15 17:30:20.236 [main] ERROR DebugLog - X = 1.0
2019-06-15 17:30:20.236 [main] ERROR DebugLog - No solution found.
2019-06-15 17:30:20.236 [main] ERROR DebugLog - function values at endpoints do not have different signs, endpoints: [0, 1], values: [0.172, 1.172]
2019-06-15 17:30:20.236 [main] ERROR DebugLog - h = 420043.22495043644
2019-06-15 17:30:20.236 [main] ERROR DebugLog - P = 1013250.0
2019-06-15 17:30:20.236 [main] ERROR DebugLog - X = 1.0
2019-06-15 17:30:20.236 [main] ERROR DebugLog - No solution found.
2019-06-15 17:30:20.236 [main] ERROR DebugLog - function values at endpoints do not have different signs, endpoints: [0, 1], values: [0.172, 1.172]
2019-06-15 17:30:20.236 [main] ERROR DebugLog - P = 1013250.0
2019-06-15 17:30:20.236 [main] ERROR DebugLog - s = 1306.995224013136
2019-06-15 17:30:20.236 [main] ERROR DebugLog - X = 1.0
2019-06-15 17:30:20.236 [main] ERROR DebugLog - No solution found.
2019-06-15 17:30:20.236 [main] ERROR DebugLog - null
2019-06-15 17:30:20.236 [main] ERROR DebugLog - P = 1013250.0
2019-06-15 17:30:20.236 [main] ERROR DebugLog - s = 1306.995224013136
2019-06-15 17:30:20.236 [main] ERROR DebugLog - X = 0.5
2019-06-15 17:30:20.236 [main] ERROR DebugLog - No solution found.
2019-06-15 17:30:20.236 [main] ERROR DebugLog - function values at endpoints do not have different signs, endpoints: [0, 1], values: [0.11, 1.11]
2019-06-15 17:30:20.236 [main] ERROR DebugLog - h = 533437.6283104273
2019-06-15 17:30:20.236 [main] ERROR DebugLog - s = 1600.541373654392
2019-06-15 17:30:20.236 [main] ERROR DebugLog - X = 1.0
2019-06-15 17:30:20.236 [main] ERROR DebugLog - No solution found.
2019-06-15 17:30:20.236 [main] ERROR DebugLog - function values at endpoints do not have different signs, endpoints: [0, 1], values: [0.11, 1.11]
2019-06-15 17:30:20.236 [main] ERROR DebugLog - h = 533437.6283104273
2019-06-15 17:30:20.236 [main] ERROR DebugLog - P = 962587.5
2019-06-15 17:30:20.236 [main] ERROR DebugLog - X = 1.0
2019-06-15 17:30:20.236 [main] ERROR DebugLog - No solution found.
2019-06-15 17:30:20.236 [main] ERROR DebugLog - function values at endpoints do not have different signs, endpoints: [0, 1], values: [0.11, 1.11]
2019-06-15 17:30:20.236 [main] ERROR DebugLog - P = 962587.5
2019-06-15 17:30:20.236 [main] ERROR DebugLog - s = 1600.541373654392
2019-06-15 17:30:20.236 [main] ERROR DebugLog - X = 1.0
2019-06-15 17:30:20.236 [main] ERROR DebugLog - No solution found.
2019-06-15 17:30:20.236 [main] ERROR DebugLog - null
2019-06-15 17:30:20.236 [main] ERROR DebugLog - P = 962587.5
2019-06-15 17:30:20.236 [main] ERROR DebugLog - s = 1600.541373654392
2019-06-15 17:30:20.236 [main] ERROR DebugLog - X = 0.5
2019-06-15 17:30:20.236 [main] ERROR DebugLog - No solution found.
2019-06-15 17:30:20.236 [main] ERROR DebugLog - function values at endpoints do not have different signs, endpoints: [0, 1], values: [0.11, 1.11]
2019-06-15 17:30:20.236 [main] ERROR DebugLog - h = 533437.6283104273
2019-06-15 17:30:20.236 [main] ERROR DebugLog - s = 1600.541373654392
2019-06-15 17:30:20.236 [main] ERROR DebugLog - X = 1.0
2019-06-15 17:30:20.236 [main] ERROR DebugLog - No solution found.
2019-06-15 17:30:20.236 [main] ERROR DebugLog - function values at endpoints do not have different signs, endpoints: [0, 1], values: [0.11, 1.11]
2019-06-15 17:30:20.236 [main] ERROR DebugLog - h = 533437.6283104273
2019-06-15 17:30:20.236 [main] ERROR DebugLog - P = 962587.5
2019-06-15 17:30:20.236 [main] ERROR DebugLog - X = 1.0
2019-06-15 17:30:20.236 [main] ERROR DebugLog - No solution found.
2019-06-15 17:30:20.236 [main] ERROR DebugLog - function values at endpoints do not have different signs, endpoints: [0, 1], values: [0.11, 1.11]
2019-06-15 17:30:20.236 [main] ERROR DebugLog - P = 962587.5
2019-06-15 17:30:20.236 [main] ERROR DebugLog - s = 1600.541373654392
2019-06-15 17:30:20.236 [main] ERROR DebugLog - X = 1.0
2019-06-15 17:30:20.236 [main] ERROR DebugLog - No solution found.
2019-06-15 17:30:20.236 [main] ERROR DebugLog - null
2019-06-15 17:30:20.236 [main] ERROR DebugLog - P = 962587.5
2019-06-15 17:30:20.236 [main] ERROR DebugLog - s = 1600.541373654392
2019-06-15 17:30:20.236 [main] ERROR DebugLog - X = 0.5
2019-06-15 17:30:20.236 [main] ERROR DebugLog - No solution found.
2019-06-15 17:30:20.236 [main] ERROR DebugLog - function values at endpoints do not have different signs, endpoints: [0, 1], values: [0.11, 1.11]
2019-06-15 17:30:20.236 [main] ERROR DebugLog - h = 533437.6283104273
2019-06-15 17:30:20.236 [main] ERROR DebugLog - s = 1600.541373654392
2019-06-15 17:30:20.236 [main] ERROR DebugLog - X = 1.0
2019-06-15 17:30:20.236 [main] ERROR DebugLog - No solution found.
2019-06-15 17:30:20.236 [main] ERROR DebugLog - function values at endpoints do not have different signs, endpoints: [0, 1], values: [0.11, 1.11]
2019-06-15 17:30:20.236 [main] ERROR DebugLog - h = 533437.6283104273
2019-06-15 17:30:20.236 [main] ERROR DebugLog - P = 962587.5
2019-06-15 17:30:20.236 [main] ERROR DebugLog - X = 1.0
2019-06-15 17:30:20.236 [main] ERROR DebugLog - No solution found.
2019-06-15 17:30:20.236 [main] ERROR DebugLog - function values at endpoints do not have different signs, endpoints: [0, 1], values: [0.11, 1.11]
2019-06-15 17:30:20.236 [main] ERROR DebugLog - P = 962587.5
2019-06-15 17:30:20.236 [main] ERROR DebugLog - s = 1600.541373654392
2019-06-15 17:30:20.236 [main] ERROR DebugLog - X = 1.0
2019-06-15 17:30:20.236 [main] ERROR DebugLog - No solution found.
2019-06-15 17:30:20.236 [main] ERROR DebugLog - null
2019-06-15 17:30:20.236 [main] ERROR DebugLog - P = 962587.5
2019-06-15 17:30:20.236 [main] ERROR DebugLog - s = 1600.541373654392
2019-06-15 17:30:20.236 [main] ERROR DebugLog - X = 0.5
2019-06-15 17:30:20.236 [main] ERROR DebugLog - No solution found.
2019-06-15 17:30:20.236 [main] ERROR DebugLog - function values at endpoints do not have different signs, endpoints: [0, 1], values: [0.11, 1.11]
2019-06-15 17:30:20.236 [main] ERROR DebugLog - h = 533437.6283104273
2019-06-15 17:30:20.236 [main] ERROR DebugLog - s = 1600.541373654392
2019-06-15 17:30:20.236 [main] ERROR DebugLog - X = 1.0
2019-06-15 17:30:20.236 [main] ERROR DebugLog - No solution found.
2019-06-15 17:30:20.236 [main] ERROR DebugLog - function values at endpoints do not have different signs, endpoints: [0, 1], values: [0.11, 1.11]
2019-06-15 17:30:20.236 [main] ERROR DebugLog - h = 533437.6283104273
2019-06-15 17:30:20.236 [main] ERROR DebugLog - P = 962587.5
2019-06-15 17:30:20.236 [main] ERROR DebugLog - X = 1.0
2019-06-15 17:30:20.236 [main] ERROR DebugLog - No solution found.
2019-06-15 17:30:20.236 [main] ERROR DebugLog - function values at endpoints do not have different signs, endpoints: [0, 1], values: [0.11, 1.11]
2019-06-15 17:30:20.236 [main] ERROR DebugLog - P = 962587.5
2019-06-15 17:30:20.236 [main] ERROR DebugLog - s = 1600.541373654392
2019-06-15 17:30:20.236 [main] ERROR DebugLog - X = 1.0
2019-06-15 17:30:20.236 [main] ERROR DebugLog - No solution found.
2019-06-15 17:30:20.252 [main] ERROR DebugLog - null
2019-06-15 17:30:20.252 [main] ERROR DebugLog - P = 962587.5
2019-06-15 17:30:20.252 [main] ERROR DebugLog - s = 1600.541373654392
2019-06-15 17:30:20.252 [main] ERROR DebugLog - X = 0.5
2019-06-15 17:30:20.252 [main] ERROR DebugLog - No solution found.
2019-06-15 17:30:20.252 [main] ERROR DebugLog - function values at endpoints do not have different signs, endpoints: [0, 1], values: [0.11, 1.11]
2019-06-15 17:30:20.252 [main] ERROR DebugLog - h = 533437.6283104273
2019-06-15 17:30:20.252 [main] ERROR DebugLog - s = 1600.541373654392
2019-06-15 17:30:20.252 [main] ERROR DebugLog - X = 1.0
2019-06-15 17:30:20.252 [main] ERROR DebugLog - No solution found.
2019-06-15 17:30:20.252 [main] ERROR DebugLog - function values at endpoints do not have different signs, endpoints: [0, 1], values: [0.11, 1.11]
2019-06-15 17:30:20.252 [main] ERROR DebugLog - h = 533437.6283104273
2019-06-15 17:30:20.252 [main] ERROR DebugLog - P = 962587.5
2019-06-15 17:30:20.252 [main] ERROR DebugLog - X = 1.0
2019-06-15 17:30:20.252 [main] ERROR DebugLog - No solution found.
2019-06-15 17:30:20.252 [main] ERROR DebugLog - function values at endpoints do not have different signs, endpoints: [0, 1], values: [0.11, 1.11]
2019-06-15 17:30:20.252 [main] ERROR DebugLog - P = 962587.5
2019-06-15 17:30:20.252 [main] ERROR DebugLog - s = 1600.541373654392
2019-06-15 17:30:20.252 [main] ERROR DebugLog - X = 1.0
2019-06-15 17:30:20.252 [main] ERROR DebugLog - No solution found.
2019-06-15 17:30:20.252 [main] ERROR DebugLog - null
2019-06-15 17:30:20.252 [main] ERROR DebugLog - P = 962587.5
2019-06-15 17:30:20.252 [main] ERROR DebugLog - s = 1600.541373654392
2019-06-15 17:30:20.252 [main] ERROR DebugLog - X = 0.5
2019-06-15 17:30:20.252 [main] ERROR DebugLog - No solution found.
2019-06-15 17:30:20.252 [main] ERROR DebugLog - function values at endpoints do not have different signs, endpoints: [0, 1], values: [0.032, 1.032]
2019-06-15 17:30:20.252 [main] ERROR DebugLog - h = 425080.88089511107
2019-06-15 17:30:20.252 [main] ERROR DebugLog - s = 1600.541373654392
2019-06-15 17:30:20.252 [main] ERROR DebugLog - X = 1.0
2019-06-15 17:30:20.252 [main] ERROR DebugLog - Efficiency equation is not compatible
